<?xml version="1.0" encoding="UTF-8"?>
<testng-results ignored="0" total="2" passed="2" failed="0" skipped="0">
  <reporter-output>
  </reporter-output>
  <suite started-at="2025-02-21T08:20:03 IST" name="Default suite" finished-at="2025-02-21T08:20:12 IST" duration-ms="8859">
    <groups>
    </groups>
    <test started-at="2025-02-21T08:20:03 IST" name="Default test" finished-at="2025-02-21T08:20:12 IST" duration-ms="8859">
      <class name="Extentreporttest.browserlaunchtest">
        <test-method is-config="true" signature="launchbrowser()[pri:0, instance:Extentreporttest.browserlaunchtest@53045c6c]" started-at="2025-02-21T08:20:00 IST" name="launchbrowser" finished-at="2025-02-21T08:20:03 IST" duration-ms="3175" status="PASS">
          <reporter-output>
          </reporter-output>
        </test-method> <!-- launchbrowser -->
        <test-method signature="Launchbing()[pri:0, instance:Extentreporttest.browserlaunchtest@53045c6c]" started-at="2025-02-21T08:20:03 IST" name="Launchbing" finished-at="2025-02-21T08:20:09 IST" duration-ms="5825" status="PASS">
          <reporter-output>
          </reporter-output>
        </test-method> <!-- Launchbing -->
        <test-method signature="launchgoogle()[pri:0, instance:Extentreporttest.browserlaunchtest@53045c6c]" started-at="2025-02-21T08:20:09 IST" name="launchgoogle" finished-at="2025-02-21T08:20:12 IST" duration-ms="2951" status="PASS">
          <reporter-output>
          </reporter-output>
        </test-method> <!-- launchgoogle -->
        <test-method is-config="true" signature="teardown()[pri:0, instance:Extentreporttest.browserlaunchtest@53045c6c]" started-at="2025-02-21T08:20:12 IST" name="teardown" finished-at="2025-02-21T08:20:13 IST" duration-ms="1016" status="PASS">
          <reporter-output>
          </reporter-output>
        </test-method> <!-- teardown -->
      </class> <!-- Extentreporttest.browserlaunchtest -->
    </test> <!-- Default test -->
  </suite> <!-- Default suite -->
</testng-results>
